<?xml version="1.0" encoding="UTF-8"?>
<coverage generated="1671109773561" clover="3.2.0">
  <project timestamp="1671109773562" name="All files">
    <metrics statements="44" coveredstatements="33" conditionals="19" coveredconditionals="9" methods="9" coveredmethods="6" elements="72" coveredelements="48" complexity="0" loc="44" ncloc="44" packages="1" files="2" classes="2"/>
    <file name="environment.constant.ts" path="/home/raybird/Documents/RCodes/trandingview/webhook/src/environments/environment.constant.ts">
      <metrics statements="15" coveredstatements="15" conditionals="4" coveredconditionals="4" methods="2" coveredmethods="2"/>
      <line num="1" count="1" type="cond" truecount="2" falsecount="0"/>
      <line num="2" count="1" type="stmt"/>
      <line num="3" count="1" type="stmt"/>
      <line num="4" count="1" type="stmt"/>
      <line num="5" count="1" type="stmt"/>
      <line num="6" count="1" type="stmt"/>
      <line num="7" count="1" type="stmt"/>
      <line num="10" count="1" type="cond" truecount="2" falsecount="0"/>
      <line num="11" count="1" type="stmt"/>
      <line num="12" count="1" type="stmt"/>
      <line num="13" count="1" type="stmt"/>
      <line num="14" count="1" type="stmt"/>
      <line num="15" count="1" type="stmt"/>
      <line num="16" count="1" type="stmt"/>
      <line num="19" count="1" type="stmt"/>
    </file>
    <file name="environment.ts" path="/home/raybird/Documents/RCodes/trandingview/webhook/src/environments/environment.ts">
      <metrics statements="29" coveredstatements="18" conditionals="15" coveredconditionals="5" methods="7" coveredmethods="4"/>
      <line num="1" count="1" type="stmt"/>
      <line num="2" count="1" type="stmt"/>
      <line num="3" count="1" type="stmt"/>
      <line num="5" count="1" type="stmt"/>
      <line num="23" count="4" type="cond" truecount="1" falsecount="2"/>
      <line num="24" count="4" type="stmt"/>
      <line num="25" count="4" type="cond" truecount="2" falsecount="0"/>
      <line num="26" count="4" type="stmt"/>
      <line num="34" count="4" type="stmt"/>
      <line num="43" count="5" type="cond" truecount="1" falsecount="1"/>
      <line num="44" count="5" type="stmt"/>
      <line num="45" count="5" type="cond" truecount="1" falsecount="4"/>
      <line num="47" count="0" type="stmt"/>
      <line num="48" count="0" type="stmt"/>
      <line num="50" count="0" type="stmt"/>
      <line num="51" count="0" type="stmt"/>
      <line num="53" count="0" type="stmt"/>
      <line num="54" count="0" type="stmt"/>
      <line num="56" count="5" type="stmt"/>
      <line num="57" count="5" type="stmt"/>
      <line num="59" count="0" type="stmt"/>
      <line num="61" count="5" type="cond" truecount="0" falsecount="1"/>
      <line num="62" count="0" type="stmt"/>
      <line num="64" count="5" type="stmt"/>
      <line num="72" count="2" type="stmt"/>
      <line num="80" count="0" type="stmt"/>
      <line num="91" count="0" type="stmt"/>
      <line num="99" count="0" type="stmt"/>
      <line num="103" count="1" type="stmt"/>
    </file>
  </project>
</coverage>
