{"/home/raybird/Documents/RCodes/trandingview/webhook/src/environments/environment.constant.ts": {"path":"/home/raybird/Documents/RCodes/trandingview/webhook/src/environments/environment.constant.ts","statementMap":{"0":{"start":{"line":1,"column":0},"end":{"line":1,"column":null}},"1":{"start":{"line":2,"column":1},"end":{"line":2,"column":null}},"2":{"start":{"line":3,"column":1},"end":{"line":3,"column":null}},"3":{"start":{"line":4,"column":1},"end":{"line":4,"column":null}},"4":{"start":{"line":5,"column":1},"end":{"line":5,"column":null}},"5":{"start":{"line":6,"column":1},"end":{"line":6,"column":null}},"6":{"start":{"line":7,"column":1},"end":{"line":7,"column":null}},"7":{"start":{"line":19,"column":9},"end":{"line":19,"column":21}},"8":{"start":{"line":10,"column":0},"end":{"line":10,"column":null}},"9":{"start":{"line":11,"column":1},"end":{"line":11,"column":null}},"10":{"start":{"line":12,"column":1},"end":{"line":12,"column":null}},"11":{"start":{"line":13,"column":1},"end":{"line":13,"column":null}},"12":{"start":{"line":14,"column":1},"end":{"line":14,"column":null}},"13":{"start":{"line":15,"column":1},"end":{"line":15,"column":null}},"14":{"start":{"line":16,"column":1},"end":{"line":16,"column":null}},"15":{"start":{"line":19,"column":23},"end":{"line":19,"column":38}}},"fnMap":{"0":{"name":"(anonymous_0)","decl":{"start":{"line":1,"column":0},"end":{"line":1,"column":5}},"loc":{"start":{"line":1,"column":17},"end":{"line":8,"column":1}}},"1":{"name":"(anonymous_1)","decl":{"start":{"line":10,"column":0},"end":{"line":10,"column":5}},"loc":{"start":{"line":10,"column":20},"end":{"line":17,"column":1}}}},"branchMap":{"0":{"loc":{"start":{"line":1,"column":5},"end":{"line":1,"column":null}},"type":"binary-expr","locations":[{"start":{"line":1,"column":5},"end":{"line":1,"column":17}},{"start":{"line":1,"column":5},"end":{"line":1,"column":null}}]},"1":{"loc":{"start":{"line":10,"column":5},"end":{"line":10,"column":null}},"type":"binary-expr","locations":[{"start":{"line":10,"column":5},"end":{"line":10,"column":20}},{"start":{"line":10,"column":5},"end":{"line":10,"column":null}}]}},"s":{"0":1,"1":1,"2":1,"3":1,"4":1,"5":1,"6":1,"7":1,"8":1,"9":1,"10":1,"11":1,"12":1,"13":1,"14":1,"15":1},"f":{"0":1,"1":1},"b":{"0":[1,1],"1":[1,1]}}
,"/home/raybird/Documents/RCodes/trandingview/webhook/src/environments/environment.ts": {"path":"/home/raybird/Documents/RCodes/trandingview/webhook/src/environments/environment.ts","statementMap":{"0":{"start":{"line":1,"column":0},"end":{"line":1,"column":25}},"1":{"start":{"line":2,"column":0},"end":{"line":2,"column":29}},"2":{"start":{"line":3,"column":0},"end":{"line":3,"column":48}},"3":{"start":{"line":5,"column":0},"end":{"line":5,"column":71}},"4":{"start":{"line":23,"column":2},"end":{"line":23,"column":66}},"5":{"start":{"line":24,"column":2},"end":{"line":24,"column":32}},"6":{"start":{"line":25,"column":44},"end":{"line":25,"column":68}},"7":{"start":{"line":26,"column":2},"end":{"line":26,"column":27}},"8":{"start":{"line":34,"column":2},"end":{"line":34,"column":18}},"9":{"start":{"line":43,"column":2},"end":{"line":43,"column":39}},"10":{"start":{"line":44,"column":26},"end":{"line":44,"column":59}},"11":{"start":{"line":45,"column":2},"end":{"line":60,"column":null}},"12":{"start":{"line":47,"column":4},"end":{"line":47,"column":64}},"13":{"start":{"line":48,"column":4},"end":{"line":48,"column":10}},"14":{"start":{"line":50,"column":4},"end":{"line":50,"column":58}},"15":{"start":{"line":51,"column":4},"end":{"line":51,"column":10}},"16":{"start":{"line":53,"column":4},"end":{"line":53,"column":61}},"17":{"start":{"line":54,"column":4},"end":{"line":54,"column":10}},"18":{"start":{"line":56,"column":4},"end":{"line":56,"column":59}},"19":{"start":{"line":57,"column":4},"end":{"line":57,"column":10}},"20":{"start":{"line":59,"column":4},"end":{"line":59,"column":59}},"21":{"start":{"line":61,"column":2},"end":{"line":63,"column":null}},"22":{"start":{"line":62,"column":3},"end":{"line":62,"column":61}},"23":{"start":{"line":64,"column":2},"end":{"line":64,"column":34}},"24":{"start":{"line":72,"column":2},"end":{"line":72,"column":66}},"25":{"start":{"line":80,"column":2},"end":{"line":83,"column":4}},"26":{"start":{"line":91,"column":2},"end":{"line":91,"column":60}},"27":{"start":{"line":99,"column":2},"end":{"line":99,"column":63}},"28":{"start":{"line":103,"column":0},"end":{"line":103,"column":27}}},"fnMap":{"0":{"name":"(anonymous_6)","decl":{"start":{"line":22,"column":1},"end":{"line":22,"column":13}},"loc":{"start":{"line":22,"column":30},"end":{"line":27,"column":2}}},"1":{"name":"(anonymous_7)","decl":{"start":{"line":33,"column":8},"end":{"line":33,"column":29}},"loc":{"start":{"line":33,"column":29},"end":{"line":35,"column":2}}},"2":{"name":"(anonymous_8)","decl":{"start":{"line":41,"column":8},"end":{"line":41,"column":22}},"loc":{"start":{"line":41,"column":34},"end":{"line":65,"column":2}}},"3":{"name":"(anonymous_9)","decl":{"start":{"line":71,"column":8},"end":{"line":71,"column":31}},"loc":{"start":{"line":71,"column":31},"end":{"line":73,"column":2}}},"4":{"name":"(anonymous_10)","decl":{"start":{"line":79,"column":8},"end":{"line":79,"column":24}},"loc":{"start":{"line":79,"column":24},"end":{"line":84,"column":2}}},"5":{"name":"(anonymous_11)","decl":{"start":{"line":90,"column":8},"end":{"line":90,"column":25}},"loc":{"start":{"line":90,"column":25},"end":{"line":92,"column":2}}},"6":{"name":"(anonymous_12)","decl":{"start":{"line":98,"column":8},"end":{"line":98,"column":28}},"loc":{"start":{"line":98,"column":28},"end":{"line":100,"column":2}}}},"branchMap":{"0":{"loc":{"start":{"line":23,"column":13},"end":{"line":23,"column":65}},"type":"binary-expr","locations":[{"start":{"line":23,"column":13},"end":{"line":23,"column":21}},{"start":{"line":23,"column":25},"end":{"line":23,"column":45}},{"start":{"line":23,"column":49},"end":{"line":23,"column":65}}]},"1":{"loc":{"start":{"line":25,"column":44},"end":{"line":25,"column":68}},"type":"binary-expr","locations":[{"start":{"line":25,"column":44},"end":{"line":25,"column":60}},{"start":{"line":25,"column":64},"end":{"line":25,"column":68}}]},"2":{"loc":{"start":{"line":43,"column":13},"end":{"line":43,"column":38}},"type":"binary-expr","locations":[{"start":{"line":43,"column":13},"end":{"line":43,"column":16}},{"start":{"line":43,"column":20},"end":{"line":43,"column":38}}]},"3":{"loc":{"start":{"line":45,"column":2},"end":{"line":60,"column":null}},"type":"switch","locations":[{"start":{"line":46,"column":3},"end":{"line":48,"column":10}},{"start":{"line":49,"column":3},"end":{"line":51,"column":10}},{"start":{"line":52,"column":3},"end":{"line":54,"column":10}},{"start":{"line":55,"column":3},"end":{"line":57,"column":10}},{"start":{"line":58,"column":3},"end":{"line":59,"column":59}}]},"4":{"loc":{"start":{"line":61,"column":2},"end":{"line":63,"column":null}},"type":"if","locations":[{"start":{"line":61,"column":2},"end":{"line":63,"column":null}}]},"5":{"loc":{"start":{"line":81,"column":3},"end":{"line":82,"column":54}},"type":"binary-expr","locations":[{"start":{"line":81,"column":3},"end":{"line":81,"column":52}},{"start":{"line":82,"column":3},"end":{"line":82,"column":54}}]}},"s":{"0":1,"1":1,"2":1,"3":1,"4":4,"5":4,"6":4,"7":4,"8":4,"9":5,"10":5,"11":5,"12":0,"13":0,"14":0,"15":0,"16":0,"17":0,"18":5,"19":5,"20":0,"21":5,"22":0,"23":5,"24":2,"25":0,"26":0,"27":0,"28":1},"f":{"0":4,"1":4,"2":5,"3":2,"4":0,"5":0,"6":0},"b":{"0":[4,0,0],"1":[4,4],"2":[5,0],"3":[0,0,0,5,0],"4":[0],"5":[0,0]}}
}
