TN:
SF:src/environments/environment.constant.ts
FN:1,(anonymous_0)
FN:10,(anonymous_1)
FNF:2
FNH:2
FNDA:1,(anonymous_0)
FNDA:1,(anonymous_1)
DA:1,1
DA:2,1
DA:3,1
DA:4,1
DA:5,1
DA:6,1
DA:7,1
DA:10,1
DA:11,1
DA:12,1
DA:13,1
DA:14,1
DA:15,1
DA:16,1
DA:19,1
LF:15
LH:15
BRDA:1,0,0,1
BRDA:1,0,1,1
BRDA:10,1,0,1
BRDA:10,1,1,1
BRF:4
BRH:4
end_of_record
TN:
SF:src/environments/environment.ts
FN:22,(anonymous_6)
FN:33,(anonymous_7)
FN:41,(anonymous_8)
FN:71,(anonymous_9)
FN:79,(anonymous_10)
FN:90,(anonymous_11)
FN:98,(anonymous_12)
FNF:7
FNH:4
FNDA:4,(anonymous_6)
FNDA:4,(anonymous_7)
FNDA:5,(anonymous_8)
FNDA:2,(anonymous_9)
FNDA:0,(anonymous_10)
FNDA:0,(anonymous_11)
FNDA:0,(anonymous_12)
DA:1,1
DA:2,1
DA:3,1
DA:5,1
DA:23,4
DA:24,4
DA:25,4
DA:26,4
DA:34,4
DA:43,5
DA:44,5
DA:45,5
DA:47,0
DA:48,0
DA:50,0
DA:51,0
DA:53,0
DA:54,0
DA:56,5
DA:57,5
DA:59,0
DA:61,5
DA:62,0
DA:64,5
DA:72,2
DA:80,0
DA:91,0
DA:99,0
DA:103,1
LF:29
LH:18
BRDA:23,0,0,4
BRDA:23,0,1,0
BRDA:23,0,2,0
BRDA:25,1,0,4
BRDA:25,1,1,4
BRDA:43,2,0,5
BRDA:43,2,1,0
BRDA:45,3,0,0
BRDA:45,3,1,0
BRDA:45,3,2,0
BRDA:45,3,3,5
BRDA:45,3,4,0
BRDA:61,4,0,0
BRDA:81,5,0,0
BRDA:81,5,1,0
BRF:15
BRH:5
end_of_record
